Arguments: 
  C:\Program Files\nodejs\node.exe C:\Users\ligzhang\AppData\Roaming\npm\node_modules\yarn\bin\yarn.js add jade metalsmith metalsmith-layouts matalsmith-markdown metalsmith-permalinks

PATH: 
  C:\WINDOWS\system32;C:\WINDOWS;C:\WINDOWS\System32\Wbem;C:\WINDOWS\System32\WindowsPowerShell\v1.0\;C:\Program Files\ATI Technologies\ATI.ACE\Core-Static;C:\Program Files\nodejs\;C:\Program Files\Git\cmd;C:\Users\ligzhang\AppData\Local\Programs\Python\Python36-32\Scripts\;C:\Users\ligzhang\AppData\Local\Programs\Python\Python36-32\;C:\Users\ligzhang\AppData\Local\Microsoft\WindowsApps;C:\Users\ligzhang\AppData\Local\atom\bin;C:\Users\ligzhang\AppData\Roaming\npm;C:\Users\ligzhang\AppData\Local\Microsoft\WindowsApps;;C:\Program Files\Microsoft VS Code\bin

Yarn version: 
  1.5.1

Node version: 
  8.9.0

Platform: 
  win32 ia32

npm manifest: 
  {
    "name": "node_cli_z",
    "version": "1.0.0",
    "main": "index.js",
    "bin": {
      "node-cli": "bin/index.js"
    },
    "license": "MIT",
    "dependencies": {
      "commander": "^2.15.1",
      "download-git-repo": "^1.0.2",
      "handlebars": "^4.0.11",
      "inquirer": "^5.2.0",
      "tracer": "^0.8.12"
    }
  }

yarn manifest: 
  No manifest

Lockfile: 
  # THIS IS AN AUTOGENERATED FILE. DO NOT EDIT THIS FILE DIRECTLY.
  # yarn lockfile v1
  
  
  align-text@^0.1.1, align-text@^0.1.3:
    version "0.1.4"
    resolved "https://registry.yarnpkg.com/align-text/-/align-text-0.1.4.tgz#0cd90a561093f35d0a99256c22b7069433fad117"
    dependencies:
      kind-of "^3.0.2"
      longest "^1.0.1"
      repeat-string "^1.5.2"
  
  amdefine@>=0.0.4:
    version "1.0.1"
    resolved "https://registry.yarnpkg.com/amdefine/-/amdefine-1.0.1.tgz#4a5282ac164729e93619bcfd3ad151f817ce91f5"
  
  ansi-escapes@^3.0.0:
    version "3.1.0"
    resolved "https://registry.yarnpkg.com/ansi-escapes/-/ansi-escapes-3.1.0.tgz#f73207bb81207d75fd6c83f125af26eea378ca30"
  
  ansi-regex@^3.0.0:
    version "3.0.0"
    resolved "https://registry.yarnpkg.com/ansi-regex/-/ansi-regex-3.0.0.tgz#ed0317c322064f79466c02966bddb605ab37d998"
  
  ansi-styles@^3.2.1:
    version "3.2.1"
    resolved "https://registry.yarnpkg.com/ansi-styles/-/ansi-styles-3.2.1.tgz#41fbb20243e50b12be0f04b8dedbf07520ce841d"
    dependencies:
      color-convert "^1.9.0"
  
  async@^1.4.0:
    version "1.5.2"
    resolved "https://registry.yarnpkg.com/async/-/async-1.5.2.tgz#ec6a61ae56480c0c3cb241c95618e20892f9672a"
  
  balanced-match@^1.0.0:
    version "1.0.0"
    resolved "https://registry.yarnpkg.com/balanced-match/-/balanced-match-1.0.0.tgz#89b4d199ab2bee49de164ea02b89ce462d71b767"
  
  base64-js@0.0.8:
    version "0.0.8"
    resolved "https://registry.yarnpkg.com/base64-js/-/base64-js-0.0.8.tgz#1101e9544f4a76b1bc3b26d452ca96d7a35e7978"
  
  bl@^1.0.0:
    version "1.2.2"
    resolved "https://registry.yarnpkg.com/bl/-/bl-1.2.2.tgz#a160911717103c07410cef63ef51b397c025af9c"
    dependencies:
      readable-stream "^2.3.5"
      safe-buffer "^5.1.1"
  
  brace-expansion@^1.1.7:
    version "1.1.11"
    resolved "https://registry.yarnpkg.com/brace-expansion/-/brace-expansion-1.1.11.tgz#3c7fcbf529d87226f3d2f52b966ff5271eb441dd"
    dependencies:
      balanced-match "^1.0.0"
      concat-map "0.0.1"
  
  buffer-crc32@~0.2.3:
    version "0.2.13"
    resolved "https://registry.yarnpkg.com/buffer-crc32/-/buffer-crc32-0.2.13.tgz#0d333e3f00eac50aa1454abd30ef8c2a5d9a7242"
  
  buffer@^3.0.1:
    version "3.6.0"
    resolved "https://registry.yarnpkg.com/buffer/-/buffer-3.6.0.tgz#a72c936f77b96bf52f5f7e7b467180628551defb"
    dependencies:
      base64-js "0.0.8"
      ieee754 "^1.1.4"
      isarray "^1.0.0"
  
  camelcase@^1.0.2:
    version "1.2.1"
    resolved "https://registry.yarnpkg.com/camelcase/-/camelcase-1.2.1.tgz#9bb5304d2e0b56698b2c758b08a3eaa9daa58a39"
  
  capture-stack-trace@^1.0.0:
    version "1.0.0"
    resolved "https://registry.yarnpkg.com/capture-stack-trace/-/capture-stack-trace-1.0.0.tgz#4a6fa07399c26bba47f0b2496b4d0fb408c5550d"
  
  caw@^2.0.0:
    version "2.0.1"
    resolved "https://registry.yarnpkg.com/caw/-/caw-2.0.1.tgz#6c3ca071fc194720883c2dc5da9b074bfc7e9e95"
    dependencies:
      get-proxy "^2.0.0"
      isurl "^1.0.0-alpha5"
      tunnel-agent "^0.6.0"
      url-to-options "^1.0.1"
  
  center-align@^0.1.1:
    version "0.1.3"
    resolved "https://registry.yarnpkg.com/center-align/-/center-align-0.1.3.tgz#aa0d32629b6ee972200411cbd4461c907bc2b7ad"
    dependencies:
      align-text "^0.1.3"
      lazy-cache "^1.0.3"
  
  chalk@^2.0.0:
    version "2.4.0"
    resolved "https://registry.yarnpkg.com/chalk/-/chalk-2.4.0.tgz#a060a297a6b57e15b61ca63ce84995daa0fe6e52"
    dependencies:
      ansi-styles "^3.2.1"
      escape-string-regexp "^1.0.5"
      supports-color "^5.3.0"
  
  chardet@^0.4.0:
    version "0.4.2"
    resolved "https://registry.yarnpkg.com/chardet/-/chardet-0.4.2.tgz#b5473b33dc97c424e5d98dc87d55d4d8a29c8bf2"
  
  cli-cursor@^2.1.0:
    version "2.1.0"
    resolved "https://registry.yarnpkg.com/cli-cursor/-/cli-cursor-2.1.0.tgz#b35dac376479facc3e94747d41d0d0f5238ffcb5"
    dependencies:
      restore-cursor "^2.0.0"
  
  cli-width@^2.0.0:
    version "2.2.0"
    resolved "https://registry.yarnpkg.com/cli-width/-/cli-width-2.2.0.tgz#ff19ede8a9a5e579324147b0c11f0fbcbabed639"
  
  cliui@^2.1.0:
    version "2.1.0"
    resolved "https://registry.yarnpkg.com/cliui/-/cliui-2.1.0.tgz#4b475760ff80264c762c3a1719032e91c7fea0d1"
    dependencies:
      center-align "^0.1.1"
      right-align "^0.1.1"
      wordwrap "0.0.2"
  
  color-convert@^1.9.0:
    version "1.9.1"
    resolved "https://registry.yarnpkg.com/color-convert/-/color-convert-1.9.1.tgz#c1261107aeb2f294ebffec9ed9ecad529a6097ed"
    dependencies:
      color-name "^1.1.1"
  
  color-name@^1.1.1:
    version "1.1.3"
    resolved "https://registry.yarnpkg.com/color-name/-/color-name-1.1.3.tgz#a7d0558bd89c42f795dd42328f740831ca53bc25"
  
  colors@1.1.2:
    version "1.1.2"
    resolved "https://registry.yarnpkg.com/colors/-/colors-1.1.2.tgz#168a4701756b6a7f51a12ce0c97bfa28c084ed63"
  
  commander@^2.15.1:
    version "2.15.1"
    resolved "https://registry.yarnpkg.com/commander/-/commander-2.15.1.tgz#df46e867d0fc2aec66a34662b406a9ccafff5b0f"
  
  commander@~2.8.1:
    version "2.8.1"
    resolved "https://registry.yarnpkg.com/commander/-/commander-2.8.1.tgz#06be367febfda0c330aa1e2a072d3dc9762425d4"
    dependencies:
      graceful-readlink ">= 1.0.0"
  
  concat-map@0.0.1:
    version "0.0.1"
    resolved "https://registry.yarnpkg.com/concat-map/-/concat-map-0.0.1.tgz#d8a96bd77fd68df7793a73036a3ba0d5405d477b"
  
  config-chain@^1.1.11:
    version "1.1.11"
    resolved "https://registry.yarnpkg.com/config-chain/-/config-chain-1.1.11.tgz#aba09747dfbe4c3e70e766a6e41586e1859fc6f2"
    dependencies:
      ini "^1.3.4"
      proto-list "~1.2.1"
  
  core-util-is@~1.0.0:
    version "1.0.2"
    resolved "https://registry.yarnpkg.com/core-util-is/-/core-util-is-1.0.2.tgz#b5fd54220aa2bc5ab57aab7140c940754503c1a7"
  
  create-error-class@^3.0.0:
    version "3.0.2"
    resolved "https://registry.yarnpkg.com/create-error-class/-/create-error-class-3.0.2.tgz#06be7abef947a3f14a30fd610671d401bca8b7b6"
    dependencies:
      capture-stack-trace "^1.0.0"
  
  dateformat@2.0.0:
    version "2.0.0"
    resolved "https://registry.yarnpkg.com/dateformat/-/dateformat-2.0.0.tgz#2743e3abb5c3fc2462e527dca445e04e9f4dee17"
  
  decamelize@^1.0.0:
    version "1.2.0"
    resolved "https://registry.yarnpkg.com/decamelize/-/decamelize-1.2.0.tgz#f6534d15148269b20352e7bee26f501f9a191290"
  
  decompress-tar@^4.0.0, decompress-tar@^4.1.0, decompress-tar@^4.1.1:
    version "4.1.1"
    resolved "https://registry.yarnpkg.com/decompress-tar/-/decompress-tar-4.1.1.tgz#718cbd3fcb16209716e70a26b84e7ba4592e5af1"
    dependencies:
      file-type "^5.2.0"
      is-stream "^1.1.0"
      tar-stream "^1.5.2"
  
  decompress-tarbz2@^4.0.0:
    version "4.1.1"
    resolved "https://registry.yarnpkg.com/decompress-tarbz2/-/decompress-tarbz2-4.1.1.tgz#3082a5b880ea4043816349f378b56c516be1a39b"
    dependencies:
      decompress-tar "^4.1.0"
      file-type "^6.1.0"
      is-stream "^1.1.0"
      seek-bzip "^1.0.5"
      unbzip2-stream "^1.0.9"
  
  decompress-targz@^4.0.0:
    version "4.1.1"
    resolved "https://registry.yarnpkg.com/decompress-targz/-/decompress-targz-4.1.1.tgz#c09bc35c4d11f3de09f2d2da53e9de23e7ce1eee"
    dependencies:
      decompress-tar "^4.1.1"
      file-type "^5.2.0"
      is-stream "^1.1.0"
  
  decompress-unzip@^4.0.1:
    version "4.0.1"
    resolved "https://registry.yarnpkg.com/decompress-unzip/-/decompress-unzip-4.0.1.tgz#deaaccdfd14aeaf85578f733ae8210f9b4848f69"
    dependencies:
      file-type "^3.8.0"
      get-stream "^2.2.0"
      pify "^2.3.0"
      yauzl "^2.4.2"
  
  decompress@^4.0.0:
    version "4.2.0"
    resolved "https://registry.yarnpkg.com/decompress/-/decompress-4.2.0.tgz#7aedd85427e5a92dacfe55674a7c505e96d01f9d"
    dependencies:
      decompress-tar "^4.0.0"
      decompress-tarbz2 "^4.0.0"
      decompress-targz "^4.0.0"
      decompress-unzip "^4.0.1"
      graceful-fs "^4.1.10"
      make-dir "^1.0.0"
      pify "^2.3.0"
      strip-dirs "^2.0.0"
  
  download-git-repo@^1.0.2:
    version "1.0.2"
    resolved "https://registry.yarnpkg.com/download-git-repo/-/download-git-repo-1.0.2.tgz#0b93a62057e41e2f21b1a06c95e7b26362b108ff"
    dependencies:
      download "^5.0.3"
      git-clone "^0.1.0"
      rimraf "^2.6.1"
  
  download@^5.0.3:
    version "5.0.3"
    resolved "https://registry.yarnpkg.com/download/-/download-5.0.3.tgz#63537f977f99266a30eb8a2a2fbd1f20b8000f7a"
    dependencies:
      caw "^2.0.0"
      decompress "^4.0.0"
      filenamify "^2.0.0"
      get-stream "^3.0.0"
      got "^6.3.0"
      mkdirp "^0.5.1"
      pify "^2.3.0"
  
  duplexer3@^0.1.4:
    version "0.1.4"
    resolved "https://registry.yarnpkg.com/duplexer3/-/duplexer3-0.1.4.tgz#ee01dd1cac0ed3cbc7fdbea37dc0a8f1ce002ce2"
  
  end-of-stream@^1.0.0:
    version "1.4.1"
    resolved "https://registry.yarnpkg.com/end-of-stream/-/end-of-stream-1.4.1.tgz#ed29634d19baba463b6ce6b80a37213eab71ec43"
    dependencies:
      once "^1.4.0"
  
  escape-string-regexp@^1.0.2, escape-string-regexp@^1.0.5:
    version "1.0.5"
    resolved "https://registry.yarnpkg.com/escape-string-regexp/-/escape-string-regexp-1.0.5.tgz#1b61c0562190a8dff6ae3bb2cf0200ca130b86d4"
  
  external-editor@^2.1.0:
    version "2.2.0"
    resolved "https://registry.yarnpkg.com/external-editor/-/external-editor-2.2.0.tgz#045511cfd8d133f3846673d1047c154e214ad3d5"
    dependencies:
      chardet "^0.4.0"
      iconv-lite "^0.4.17"
      tmp "^0.0.33"
  
  fd-slicer@~1.0.1:
    version "1.0.1"
    resolved "https://registry.yarnpkg.com/fd-slicer/-/fd-slicer-1.0.1.tgz#8b5bcbd9ec327c5041bf9ab023fd6750f1177e65"
    dependencies:
      pend "~1.2.0"
  
  figures@^2.0.0:
    version "2.0.0"
    resolved "https://registry.yarnpkg.com/figures/-/figures-2.0.0.tgz#3ab1a2d2a62c8bfb431a0c94cb797a2fce27c962"
    dependencies:
      escape-string-regexp "^1.0.5"
  
  file-type@^3.8.0:
    version "3.9.0"
    resolved "https://registry.yarnpkg.com/file-type/-/file-type-3.9.0.tgz#257a078384d1db8087bc449d107d52a52672b9e9"
  
  file-type@^5.2.0:
    version "5.2.0"
    resolved "https://registry.yarnpkg.com/file-type/-/file-type-5.2.0.tgz#2ddbea7c73ffe36368dfae49dc338c058c2b8ad6"
  
  file-type@^6.1.0:
    version "6.2.0"
    resolved "https://registry.yarnpkg.com/file-type/-/file-type-6.2.0.tgz#e50cd75d356ffed4e306dc4f5bcf52a79903a919"
  
  filename-reserved-regex@^2.0.0:
    version "2.0.0"
    resolved "https://registry.yarnpkg.com/filename-reserved-regex/-/filename-reserved-regex-2.0.0.tgz#abf73dfab735d045440abfea2d91f389ebbfa229"
  
  filenamify@^2.0.0:
    version "2.0.0"
    resolved "https://registry.yarnpkg.com/filenamify/-/filenamify-2.0.0.tgz#bd162262c0b6e94bfbcdcf19a3bbb3764f785695"
    dependencies:
      filename-reserved-regex "^2.0.0"
      strip-outer "^1.0.0"
      trim-repeated "^1.0.0"
  
  fs.realpath@^1.0.0:
    version "1.0.0"
    resolved "https://registry.yarnpkg.com/fs.realpath/-/fs.realpath-1.0.0.tgz#1504ad2523158caa40db4a2787cb01411994ea4f"
  
  get-proxy@^2.0.0:
    version "2.1.0"
    resolved "https://registry.yarnpkg.com/get-proxy/-/get-proxy-2.1.0.tgz#349f2b4d91d44c4d4d4e9cba2ad90143fac5ef93"
    dependencies:
      npm-conf "^1.1.0"
  
  get-stream@^2.2.0:
    version "2.3.1"
    resolved "https://registry.yarnpkg.com/get-stream/-/get-stream-2.3.1.tgz#5f38f93f346009666ee0150a054167f91bdd95de"
    dependencies:
      object-assign "^4.0.1"
      pinkie-promise "^2.0.0"
  
  get-stream@^3.0.0:
    version "3.0.0"
    resolved "https://registry.yarnpkg.com/get-stream/-/get-stream-3.0.0.tgz#8e943d1358dc37555054ecbe2edb05aa174ede14"
  
  git-clone@^0.1.0:
    version "0.1.0"
    resolved "https://registry.yarnpkg.com/git-clone/-/git-clone-0.1.0.tgz#0d76163778093aef7f1c30238f2a9ef3f07a2eb9"
  
  glob@^7.0.5:
    version "7.1.2"
    resolved "https://registry.yarnpkg.com/glob/-/glob-7.1.2.tgz#c19c9df9a028702d678612384a6552404c636d15"
    dependencies:
      fs.realpath "^1.0.0"
      inflight "^1.0.4"
      inherits "2"
      minimatch "^3.0.4"
      once "^1.3.0"
      path-is-absolute "^1.0.0"
  
  got@^6.3.0:
    version "6.7.1"
    resolved "https://registry.yarnpkg.com/got/-/got-6.7.1.tgz#240cd05785a9a18e561dc1b44b41c763ef1e8db0"
    dependencies:
      create-error-class "^3.0.0"
      duplexer3 "^0.1.4"
      get-stream "^3.0.0"
      is-redirect "^1.0.0"
      is-retry-allowed "^1.0.0"
      is-stream "^1.0.0"
      lowercase-keys "^1.0.0"
      safe-buffer "^5.0.1"
      timed-out "^4.0.0"
      unzip-response "^2.0.1"
      url-parse-lax "^1.0.0"
  
  graceful-fs@^4.1.10:
    version "4.1.11"
    resolved "https://registry.yarnpkg.com/graceful-fs/-/graceful-fs-4.1.11.tgz#0e8bdfe4d1ddb8854d64e04ea7c00e2a026e5658"
  
  "graceful-readlink@>= 1.0.0":
    version "1.0.1"
    resolved "https://registry.yarnpkg.com/graceful-readlink/-/graceful-readlink-1.0.1.tgz#4cafad76bc62f02fa039b2f94e9a3dd3a391a725"
  
  handlebars@^4.0.11:
    version "4.0.11"
    resolved "https://registry.yarnpkg.com/handlebars/-/handlebars-4.0.11.tgz#630a35dfe0294bc281edae6ffc5d329fc7982dcc"
    dependencies:
      async "^1.4.0"
      optimist "^0.6.1"
      source-map "^0.4.4"
    optionalDependencies:
      uglify-js "^2.6"
  
  has-flag@^3.0.0:
    version "3.0.0"
    resolved "https://registry.yarnpkg.com/has-flag/-/has-flag-3.0.0.tgz#b5d454dc2199ae225699f3467e5a07f3b955bafd"
  
  has-symbol-support-x@^1.4.1:
    version "1.4.2"
    resolved "https://registry.yarnpkg.com/has-symbol-support-x/-/has-symbol-support-x-1.4.2.tgz#1409f98bc00247da45da67cee0a36f282ff26455"
  
  has-to-string-tag-x@^1.2.0:
    version "1.4.1"
    resolved "https://registry.yarnpkg.com/has-to-string-tag-x/-/has-to-string-tag-x-1.4.1.tgz#a045ab383d7b4b2012a00148ab0aa5f290044d4d"
    dependencies:
      has-symbol-support-x "^1.4.1"
  
  iconv-lite@^0.4.17:
    version "0.4.21"
    resolved "https://registry.yarnpkg.com/iconv-lite/-/iconv-lite-0.4.21.tgz#c47f8733d02171189ebc4a400f3218d348094798"
    dependencies:
      safer-buffer "^2.1.0"
  
  ieee754@^1.1.4:
    version "1.1.11"
    resolved "https://registry.yarnpkg.com/ieee754/-/ieee754-1.1.11.tgz#c16384ffe00f5b7835824e67b6f2bd44a5229455"
  
  inflight@^1.0.4:
    version "1.0.6"
    resolved "https://registry.yarnpkg.com/inflight/-/inflight-1.0.6.tgz#49bd6331d7d02d0c09bc910a1075ba8165b56df9"
    dependencies:
      once "^1.3.0"
      wrappy "1"
  
  inherits@2, inherits@~2.0.3:
    version "2.0.3"
    resolved "https://registry.yarnpkg.com/inherits/-/inherits-2.0.3.tgz#633c2c83e3da42a502f52466022480f4208261de"
  
  ini@^1.3.4:
    version "1.3.5"
    resolved "https://registry.yarnpkg.com/ini/-/ini-1.3.5.tgz#eee25f56db1c9ec6085e0c22778083f596abf927"
  
  inquirer@^5.2.0:
    version "5.2.0"
    resolved "https://registry.yarnpkg.com/inquirer/-/inquirer-5.2.0.tgz#db350c2b73daca77ff1243962e9f22f099685726"
    dependencies:
      ansi-escapes "^3.0.0"
      chalk "^2.0.0"
      cli-cursor "^2.1.0"
      cli-width "^2.0.0"
      external-editor "^2.1.0"
      figures "^2.0.0"
      lodash "^4.3.0"
      mute-stream "0.0.7"
      run-async "^2.2.0"
      rxjs "^5.5.2"
      string-width "^2.1.0"
      strip-ansi "^4.0.0"
      through "^2.3.6"
  
  is-buffer@^1.1.5:
    version "1.1.6"
    resolved "https://registry.yarnpkg.com/is-buffer/-/is-buffer-1.1.6.tgz#efaa2ea9daa0d7ab2ea13a97b2b8ad51fefbe8be"
  
  is-fullwidth-code-point@^2.0.0:
    version "2.0.0"
    resolved "https://registry.yarnpkg.com/is-fullwidth-code-point/-/is-fullwidth-code-point-2.0.0.tgz#a3b30a5c4f199183167aaab93beefae3ddfb654f"
  
  is-natural-number@^4.0.1:
    version "4.0.1"
    resolved "https://registry.yarnpkg.com/is-natural-number/-/is-natural-number-4.0.1.tgz#ab9d76e1db4ced51e35de0c72ebecf09f734cde8"
  
  is-object@^1.0.1:
    version "1.0.1"
    resolved "https://registry.yarnpkg.com/is-object/-/is-object-1.0.1.tgz#8952688c5ec2ffd6b03ecc85e769e02903083470"
  
  is-promise@^2.1.0:
    version "2.1.0"
    resolved "https://registry.yarnpkg.com/is-promise/-/is-promise-2.1.0.tgz#79a2a9ece7f096e80f36d2b2f3bc16c1ff4bf3fa"
  
  is-redirect@^1.0.0:
    version "1.0.0"
    resolved "https://registry.yarnpkg.com/is-redirect/-/is-redirect-1.0.0.tgz#1d03dded53bd8db0f30c26e4f95d36fc7c87dc24"
  
  is-retry-allowed@^1.0.0:
    version "1.1.0"
    resolved "https://registry.yarnpkg.com/is-retry-allowed/-/is-retry-allowed-1.1.0.tgz#11a060568b67339444033d0125a61a20d564fb34"
  
  is-stream@^1.0.0, is-stream@^1.1.0:
    version "1.1.0"
    resolved "https://registry.yarnpkg.com/is-stream/-/is-stream-1.1.0.tgz#12d4a3dd4e68e0b79ceb8dbc84173ae80d91ca44"
  
  isarray@^1.0.0, isarray@~1.0.0:
    version "1.0.0"
    resolved "https://registry.yarnpkg.com/isarray/-/isarray-1.0.0.tgz#bb935d48582cba168c06834957a54a3e07124f11"
  
  isurl@^1.0.0-alpha5:
    version "1.0.0"
    resolved "https://registry.yarnpkg.com/isurl/-/isurl-1.0.0.tgz#b27f4f49f3cdaa3ea44a0a5b7f3462e6edc39d67"
    dependencies:
      has-to-string-tag-x "^1.2.0"
      is-object "^1.0.1"
  
  kind-of@^3.0.2:
    version "3.2.2"
    resolved "https://registry.yarnpkg.com/kind-of/-/kind-of-3.2.2.tgz#31ea21a734bab9bbb0f32466d893aea51e4a3c64"
    dependencies:
      is-buffer "^1.1.5"
  
  lazy-cache@^1.0.3:
    version "1.0.4"
    resolved "https://registry.yarnpkg.com/lazy-cache/-/lazy-cache-1.0.4.tgz#a1d78fc3a50474cb80845d3b3b6e1da49a446e8e"
  
  lodash@^4.3.0:
    version "4.17.5"
    resolved "https://registry.yarnpkg.com/lodash/-/lodash-4.17.5.tgz#99a92d65c0272debe8c96b6057bc8fbfa3bed511"
  
  longest@^1.0.1:
    version "1.0.1"
    resolved "https://registry.yarnpkg.com/longest/-/longest-1.0.1.tgz#30a0b2da38f73770e8294a0d22e6625ed77d0097"
  
  lowercase-keys@^1.0.0:
    version "1.0.1"
    resolved "https://registry.yarnpkg.com/lowercase-keys/-/lowercase-keys-1.0.1.tgz#6f9e30b47084d971a7c820ff15a6c5167b74c26f"
  
  make-dir@^1.0.0:
    version "1.2.0"
    resolved "https://registry.yarnpkg.com/make-dir/-/make-dir-1.2.0.tgz#6d6a49eead4aae296c53bbf3a1a008bd6c89469b"
    dependencies:
      pify "^3.0.0"
  
  mimic-fn@^1.0.0:
    version "1.2.0"
    resolved "https://registry.yarnpkg.com/mimic-fn/-/mimic-fn-1.2.0.tgz#820c86a39334640e99516928bd03fca88057d022"
  
  minimatch@^3.0.4:
    version "3.0.4"
    resolved "https://registry.yarnpkg.com/minimatch/-/minimatch-3.0.4.tgz#5166e286457f03306064be5497e8dbb0c3d32083"
    dependencies:
      brace-expansion "^1.1.7"
  
  minimist@0.0.8:
    version "0.0.8"
    resolved "https://registry.yarnpkg.com/minimist/-/minimist-0.0.8.tgz#857fcabfc3397d2625b8228262e86aa7a011b05d"
  
  minimist@~0.0.1:
    version "0.0.10"
    resolved "https://registry.yarnpkg.com/minimist/-/minimist-0.0.10.tgz#de3f98543dbf96082be48ad1a0c7cda836301dcf"
  
  mkdirp@^0.5.1:
    version "0.5.1"
    resolved "https://registry.yarnpkg.com/mkdirp/-/mkdirp-0.5.1.tgz#30057438eac6cf7f8c4767f38648d6697d75c903"
    dependencies:
      minimist "0.0.8"
  
  mute-stream@0.0.7:
    version "0.0.7"
    resolved "https://registry.yarnpkg.com/mute-stream/-/mute-stream-0.0.7.tgz#3075ce93bc21b8fab43e1bc4da7e8115ed1e7bab"
  
  npm-conf@^1.1.0:
    version "1.1.3"
    resolved "https://registry.yarnpkg.com/npm-conf/-/npm-conf-1.1.3.tgz#256cc47bd0e218c259c4e9550bf413bc2192aff9"
    dependencies:
      config-chain "^1.1.11"
      pify "^3.0.0"
  
  object-assign@^4.0.1:
    version "4.1.1"
    resolved "https://registry.yarnpkg.com/object-assign/-/object-assign-4.1.1.tgz#2109adc7965887cfc05cbbd442cac8bfbb360863"
  
  once@^1.3.0, once@^1.4.0:
    version "1.4.0"
    resolved "https://registry.yarnpkg.com/once/-/once-1.4.0.tgz#583b1aa775961d4b113ac17d9c50baef9dd76bd1"
    dependencies:
      wrappy "1"
  
  onetime@^2.0.0:
    version "2.0.1"
    resolved "https://registry.yarnpkg.com/onetime/-/onetime-2.0.1.tgz#067428230fd67443b2794b22bba528b6867962d4"
    dependencies:
      mimic-fn "^1.0.0"
  
  optimist@^0.6.1:
    version "0.6.1"
    resolved "https://registry.yarnpkg.com/optimist/-/optimist-0.6.1.tgz#da3ea74686fa21a19a111c326e90eb15a0196686"
    dependencies:
      minimist "~0.0.1"
      wordwrap "~0.0.2"
  
  os-tmpdir@~1.0.2:
    version "1.0.2"
    resolved "https://registry.yarnpkg.com/os-tmpdir/-/os-tmpdir-1.0.2.tgz#bbe67406c79aa85c5cfec766fe5734555dfa1274"
  
  path-is-absolute@^1.0.0:
    version "1.0.1"
    resolved "https://registry.yarnpkg.com/path-is-absolute/-/path-is-absolute-1.0.1.tgz#174b9268735534ffbc7ace6bf53a5a9e1b5c5f5f"
  
  pend@~1.2.0:
    version "1.2.0"
    resolved "https://registry.yarnpkg.com/pend/-/pend-1.2.0.tgz#7a57eb550a6783f9115331fcf4663d5c8e007a50"
  
  pify@^2.3.0:
    version "2.3.0"
    resolved "https://registry.yarnpkg.com/pify/-/pify-2.3.0.tgz#ed141a6ac043a849ea588498e7dca8b15330e90c"
  
  pify@^3.0.0:
    version "3.0.0"
    resolved "https://registry.yarnpkg.com/pify/-/pify-3.0.0.tgz#e5a4acd2c101fdf3d9a4d07f0dbc4db49dd28176"
  
  pinkie-promise@^2.0.0:
    version "2.0.1"
    resolved "https://registry.yarnpkg.com/pinkie-promise/-/pinkie-promise-2.0.1.tgz#2135d6dfa7a358c069ac9b178776288228450ffa"
    dependencies:
      pinkie "^2.0.0"
  
  pinkie@^2.0.0:
    version "2.0.4"
    resolved "https://registry.yarnpkg.com/pinkie/-/pinkie-2.0.4.tgz#72556b80cfa0d48a974e80e77248e80ed4f7f870"
  
  prepend-http@^1.0.1:
    version "1.0.4"
    resolved "https://registry.yarnpkg.com/prepend-http/-/prepend-http-1.0.4.tgz#d4f4562b0ce3696e41ac52d0e002e57a635dc6dc"
  
  process-nextick-args@~2.0.0:
    version "2.0.0"
    resolved "https://registry.yarnpkg.com/process-nextick-args/-/process-nextick-args-2.0.0.tgz#a37d732f4271b4ab1ad070d35508e8290788ffaa"
  
  proto-list@~1.2.1:
    version "1.2.4"
    resolved "https://registry.yarnpkg.com/proto-list/-/proto-list-1.2.4.tgz#212d5bfe1318306a420f6402b8e26ff39647a849"
  
  readable-stream@^2.0.0, readable-stream@^2.3.5:
    version "2.3.6"
    resolved "https://registry.yarnpkg.com/readable-stream/-/readable-stream-2.3.6.tgz#b11c27d88b8ff1fbe070643cf94b0c79ae1b0aaf"
    dependencies:
      core-util-is "~1.0.0"
      inherits "~2.0.3"
      isarray "~1.0.0"
      process-nextick-args "~2.0.0"
      safe-buffer "~5.1.1"
      string_decoder "~1.1.1"
      util-deprecate "~1.0.1"
  
  repeat-string@^1.5.2:
    version "1.6.1"
    resolved "https://registry.yarnpkg.com/repeat-string/-/repeat-string-1.6.1.tgz#8dcae470e1c88abc2d600fff4a776286da75e637"
  
  restore-cursor@^2.0.0:
    version "2.0.0"
    resolved "https://registry.yarnpkg.com/restore-cursor/-/restore-cursor-2.0.0.tgz#9f7ee287f82fd326d4fd162923d62129eee0dfaf"
    dependencies:
      onetime "^2.0.0"
      signal-exit "^3.0.2"
  
  right-align@^0.1.1:
    version "0.1.3"
    resolved "https://registry.yarnpkg.com/right-align/-/right-align-0.1.3.tgz#61339b722fe6a3515689210d24e14c96148613ef"
    dependencies:
      align-text "^0.1.1"
  
  rimraf@^2.6.1:
    version "2.6.2"
    resolved "https://registry.yarnpkg.com/rimraf/-/rimraf-2.6.2.tgz#2ed8150d24a16ea8651e6d6ef0f47c4158ce7a36"
    dependencies:
      glob "^7.0.5"
  
  run-async@^2.2.0:
    version "2.3.0"
    resolved "https://registry.yarnpkg.com/run-async/-/run-async-2.3.0.tgz#0371ab4ae0bdd720d4166d7dfda64ff7a445a6c0"
    dependencies:
      is-promise "^2.1.0"
  
  rxjs@^5.5.2:
    version "5.5.10"
    resolved "https://registry.yarnpkg.com/rxjs/-/rxjs-5.5.10.tgz#fde02d7a614f6c8683d0d1957827f492e09db045"
    dependencies:
      symbol-observable "1.0.1"
  
  safe-buffer@^5.0.1, safe-buffer@^5.1.1, safe-buffer@~5.1.0, safe-buffer@~5.1.1:
    version "5.1.1"
    resolved "https://registry.yarnpkg.com/safe-buffer/-/safe-buffer-5.1.1.tgz#893312af69b2123def71f57889001671eeb2c853"
  
  safer-buffer@^2.1.0:
    version "2.1.2"
    resolved "https://registry.yarnpkg.com/safer-buffer/-/safer-buffer-2.1.2.tgz#44fa161b0187b9549dd84bb91802f9bd8385cd6a"
  
  seek-bzip@^1.0.5:
    version "1.0.5"
    resolved "https://registry.yarnpkg.com/seek-bzip/-/seek-bzip-1.0.5.tgz#cfe917cb3d274bcffac792758af53173eb1fabdc"
    dependencies:
      commander "~2.8.1"
  
  signal-exit@^3.0.2:
    version "3.0.2"
    resolved "https://registry.yarnpkg.com/signal-exit/-/signal-exit-3.0.2.tgz#b5fdc08f1287ea1178628e415e25132b73646c6d"
  
  source-map@^0.4.4:
    version "0.4.4"
    resolved "https://registry.yarnpkg.com/source-map/-/source-map-0.4.4.tgz#eba4f5da9c0dc999de68032d8b4f76173652036b"
    dependencies:
      amdefine ">=0.0.4"
  
  source-map@~0.5.1:
    version "0.5.7"
    resolved "https://registry.yarnpkg.com/source-map/-/source-map-0.5.7.tgz#8a039d2d1021d22d1ea14c80d8ea468ba2ef3fcc"
  
  string-width@^2.1.0:
    version "2.1.1"
    resolved "https://registry.yarnpkg.com/string-width/-/string-width-2.1.1.tgz#ab93f27a8dc13d28cac815c462143a6d9012ae9e"
    dependencies:
      is-fullwidth-code-point "^2.0.0"
      strip-ansi "^4.0.0"
  
  string_decoder@~1.1.1:
    version "1.1.1"
    resolved "https://registry.yarnpkg.com/string_decoder/-/string_decoder-1.1.1.tgz#9cf1611ba62685d7030ae9e4ba34149c3af03fc8"
    dependencies:
      safe-buffer "~5.1.0"
  
  strip-ansi@^4.0.0:
    version "4.0.0"
    resolved "https://registry.yarnpkg.com/strip-ansi/-/strip-ansi-4.0.0.tgz#a8479022eb1ac368a871389b635262c505ee368f"
    dependencies:
      ansi-regex "^3.0.0"
  
  strip-dirs@^2.0.0:
    version "2.1.0"
    resolved "https://registry.yarnpkg.com/strip-dirs/-/strip-dirs-2.1.0.tgz#4987736264fc344cf20f6c34aca9d13d1d4ed6c5"
    dependencies:
      is-natural-number "^4.0.1"
  
  strip-outer@^1.0.0:
    version "1.0.1"
    resolved "https://registry.yarnpkg.com/strip-outer/-/strip-outer-1.0.1.tgz#b2fd2abf6604b9d1e6013057195df836b8a9d631"
    dependencies:
      escape-string-regexp "^1.0.2"
  
  supports-color@^5.3.0:
    version "5.4.0"
    resolved "https://registry.yarnpkg.com/supports-color/-/supports-color-5.4.0.tgz#1c6b337402c2137605efe19f10fec390f6faab54"
    dependencies:
      has-flag "^3.0.0"
  
  symbol-observable@1.0.1:
    version "1.0.1"
    resolved "https://registry.yarnpkg.com/symbol-observable/-/symbol-observable-1.0.1.tgz#8340fc4702c3122df5d22288f88283f513d3fdd4"
  
  tar-stream@^1.5.2:
    version "1.5.5"
    resolved "https://registry.yarnpkg.com/tar-stream/-/tar-stream-1.5.5.tgz#5cad84779f45c83b1f2508d96b09d88c7218af55"
    dependencies:
      bl "^1.0.0"
      end-of-stream "^1.0.0"
      readable-stream "^2.0.0"
      xtend "^4.0.0"
  
  through@^2.3.6:
    version "2.3.8"
    resolved "https://registry.yarnpkg.com/through/-/through-2.3.8.tgz#0dd4c9ffaabc357960b1b724115d7e0e86a2e1f5"
  
  timed-out@^4.0.0:
    version "4.0.1"
    resolved "https://registry.yarnpkg.com/timed-out/-/timed-out-4.0.1.tgz#f32eacac5a175bea25d7fab565ab3ed8741ef56f"
  
  tinytim@0.1.1:
    version "0.1.1"
    resolved "https://registry.yarnpkg.com/tinytim/-/tinytim-0.1.1.tgz#c968a1e5559ad9553224ef7627bab34e3caef8a8"
  
  tmp@^0.0.33:
    version "0.0.33"
    resolved "https://registry.yarnpkg.com/tmp/-/tmp-0.0.33.tgz#6d34335889768d21b2bcda0aa277ced3b1bfadf9"
    dependencies:
      os-tmpdir "~1.0.2"
  
  tracer@^0.8.12:
    version "0.8.12"
    resolved "https://registry.yarnpkg.com/tracer/-/tracer-0.8.12.tgz#2601c61121593ce3437c5a839e6c006c8c070932"
    dependencies:
      colors "1.1.2"
      dateformat "2.0.0"
      mkdirp "^0.5.1"
      tinytim "0.1.1"
  
  trim-repeated@^1.0.0:
    version "1.0.0"
    resolved "https://registry.yarnpkg.com/trim-repeated/-/trim-repeated-1.0.0.tgz#e3646a2ea4e891312bf7eace6cfb05380bc01c21"
    dependencies:
      escape-string-regexp "^1.0.2"
  
  tunnel-agent@^0.6.0:
    version "0.6.0"
    resolved "https://registry.yarnpkg.com/tunnel-agent/-/tunnel-agent-0.6.0.tgz#27a5dea06b36b04a0a9966774b290868f0fc40fd"
    dependencies:
      safe-buffer "^5.0.1"
  
  uglify-js@^2.6:
    version "2.8.29"
    resolved "https://registry.yarnpkg.com/uglify-js/-/uglify-js-2.8.29.tgz#29c5733148057bb4e1f75df35b7a9cb72e6a59dd"
    dependencies:
      source-map "~0.5.1"
      yargs "~3.10.0"
    optionalDependencies:
      uglify-to-browserify "~1.0.0"
  
  uglify-to-browserify@~1.0.0:
    version "1.0.2"
    resolved "https://registry.yarnpkg.com/uglify-to-browserify/-/uglify-to-browserify-1.0.2.tgz#6e0924d6bda6b5afe349e39a6d632850a0f882b7"
  
  unbzip2-stream@^1.0.9:
    version "1.2.5"
    resolved "https://registry.yarnpkg.com/unbzip2-stream/-/unbzip2-stream-1.2.5.tgz#73a033a567bbbde59654b193c44d48a7e4f43c47"
    dependencies:
      buffer "^3.0.1"
      through "^2.3.6"
  
  unzip-response@^2.0.1:
    version "2.0.1"
    resolved "https://registry.yarnpkg.com/unzip-response/-/unzip-response-2.0.1.tgz#d2f0f737d16b0615e72a6935ed04214572d56f97"
  
  url-parse-lax@^1.0.0:
    version "1.0.0"
    resolved "https://registry.yarnpkg.com/url-parse-lax/-/url-parse-lax-1.0.0.tgz#7af8f303645e9bd79a272e7a14ac68bc0609da73"
    dependencies:
      prepend-http "^1.0.1"
  
  url-to-options@^1.0.1:
    version "1.0.1"
    resolved "https://registry.yarnpkg.com/url-to-options/-/url-to-options-1.0.1.tgz#1505a03a289a48cbd7a434efbaeec5055f5633a9"
  
  util-deprecate@~1.0.1:
    version "1.0.2"
    resolved "https://registry.yarnpkg.com/util-deprecate/-/util-deprecate-1.0.2.tgz#450d4dc9fa70de732762fbd2d4a28981419a0ccf"
  
  window-size@0.1.0:
    version "0.1.0"
    resolved "https://registry.yarnpkg.com/window-size/-/window-size-0.1.0.tgz#5438cd2ea93b202efa3a19fe8887aee7c94f9c9d"
  
  wordwrap@0.0.2:
    version "0.0.2"
    resolved "https://registry.yarnpkg.com/wordwrap/-/wordwrap-0.0.2.tgz#b79669bb42ecb409f83d583cad52ca17eaa1643f"
  
  wordwrap@~0.0.2:
    version "0.0.3"
    resolved "https://registry.yarnpkg.com/wordwrap/-/wordwrap-0.0.3.tgz#a3d5da6cd5c0bc0008d37234bbaf1bed63059107"
  
  wrappy@1:
    version "1.0.2"
    resolved "https://registry.yarnpkg.com/wrappy/-/wrappy-1.0.2.tgz#b5243d8f3ec1aa35f1364605bc0d1036e30ab69f"
  
  xtend@^4.0.0:
    version "4.0.1"
    resolved "https://registry.yarnpkg.com/xtend/-/xtend-4.0.1.tgz#a5c6d532be656e23db820efb943a1f04998d63af"
  
  yargs@~3.10.0:
    version "3.10.0"
    resolved "https://registry.yarnpkg.com/yargs/-/yargs-3.10.0.tgz#f7ee7bd857dd7c1d2d38c0e74efbd681d1431fd1"
    dependencies:
      camelcase "^1.0.2"
      cliui "^2.1.0"
      decamelize "^1.0.0"
      window-size "0.1.0"
  
  yauzl@^2.4.2:
    version "2.9.1"
    resolved "https://registry.yarnpkg.com/yauzl/-/yauzl-2.9.1.tgz#a81981ea70a57946133883f029c5821a89359a7f"
    dependencies:
      buffer-crc32 "~0.2.3"
      fd-slicer "~1.0.1"

Trace: 
  Error: Couldn't find package "matalsmith-markdown" on the "npm" registry.
      at new MessageError (C:\Users\ligzhang\AppData\Roaming\npm\node_modules\yarn\lib\cli.js:186:110)
      at NpmResolver.<anonymous> (C:\Users\ligzhang\AppData\Roaming\npm\node_modules\yarn\lib\cli.js:51625:15)
      at Generator.next (<anonymous>)
      at step (C:\Users\ligzhang\AppData\Roaming\npm\node_modules\yarn\lib\cli.js:98:30)
      at C:\Users\ligzhang\AppData\Roaming\npm\node_modules\yarn\lib\cli.js:109:13
      at <anonymous>
      at process._tickCallback (internal/process/next_tick.js:188:7)
